<?xml version="1.0" encoding="UTF-8"?>
<coverage generated="1676200476495" clover="3.2.0">
  <project timestamp="1676200476495" name="All files">
    <metrics statements="2" coveredstatements="2" conditionals="0" coveredconditionals="0" methods="1" coveredmethods="1" elements="3" coveredelements="3" complexity="0" loc="2" ncloc="2" packages="1" files="1" classes="1"/>
    <file name="NIcon.vue" path="/Users/hiteshsharma/Work/nitrozen-vue/src/components/NIcon/NIcon.vue">
      <metrics statements="2" coveredstatements="2" conditionals="0" coveredconditionals="0" methods="1" coveredmethods="1"/>
      <line num="1" count="6" type="stmt"/>
      <line num="6" count="1" type="stmt"/>
    </file>
  </project>
</coverage>
