{"/Users/hiteshsharma/Work/nitrozen-vue/src/components/NIcon/NIcon.vue": {"path":"/Users/hiteshsharma/Work/nitrozen-vue/src/components/NIcon/NIcon.vue","statementMap":{"0":{"start":{"line":6,"column":0},"end":{"line":42,"column":null}},"1":{"start":{"line":1,"column":0},"end":{"line":1,"column":null}}},"fnMap":{"0":{"name":"(anonymous_3)","decl":{"start":{"line":1,"column":0},"end":{"line":1,"column":null}},"loc":{"start":{"line":1,"column":0},"end":{"line":1,"column":null}}}},"branchMap":{},"s":{"0":1,"1":6},"f":{"0":1},"b":{}}
}
